[ 50%] [32mBuilding CXX object CMakeFiles/demo_topic.dir/src/demo_topic.cpp.o[0m
[01m[K/home/robot-max/Desktop/ROS_2/src/demo_topic/src/demo_topic.cpp:[m[K In lambda function:
[01m[K/home/robot-max/Desktop/ROS_2/src/demo_topic/src/demo_topic.cpp:14:88:[m[K [01;31m[Kerror: [m[Kexpected â€˜[01m[K;[m[Kâ€™ before â€˜[01m[K}[m[Kâ€™ token
   14 | his->create_wall_timer(1000ms,[this](){this->time_callback()[01;31m[K}[m[K);//ä¸ºlambdaè¡¨è¾¾å¼
      |                                                             [01;31m[K^[m[K

gmake[2]: *** [CMakeFiles/demo_topic.dir/build.make:76ï¼šCMakeFiles/demo_topic.dir/src/demo_topic.cpp.o] é”™è¯¯ 1
gmake[1]: *** [CMakeFiles/Makefile2:137ï¼šCMakeFiles/demo_topic.dir/all] é”™è¯¯ 2
gmake: *** [Makefile:146ï¼šall] é”™è¯¯ 2
