[0.011s] Invoking command in '/home/robot-max/Desktop/ROS_2/build/demo_topic': CMAKE_PREFIX_PATH=${CMAKE_PREFIX_PATH}:/opt/ros/jazzy DEBUGINFOD_URLS=https://debuginfod.ubuntu.com /usr/bin/cmake --build /home/robot-max/Desktop/ROS_2/build/demo_topic -- -j24 -l24
[0.097s] [ 50%] [32mBuilding CXX object CMakeFiles/demo_topic.dir/src/demo_topic.cpp.o[0m
[1.448s] [01m[K/home/robot-max/Desktop/ROS_2/src/demo_topic/src/demo_topic.cpp:[m[K In lambda function:
[1.448s] [01m[K/home/robot-max/Desktop/ROS_2/src/demo_topic/src/demo_topic.cpp:14:86:[m[K [01;31m[Kerror: [m[Kexpected â€˜[01m[K;[m[Kâ€™ before â€˜[01m[K}[m[Kâ€™ token
[1.448s]    14 |  this->create_wall_timer(1000ms,[this](){this->time_callback[01;31m[K}[m[K);//ä¸ºlambdaè¡¨è¾¾å¼
[1.448s]       |                                                             [01;31m[K^[m[K
[1.448s] 
[1.449s] [01m[K/home/robot-max/Desktop/ROS_2/src/demo_topic/src/demo_topic.cpp:14:73:[m[K [01;31m[Kerror: [m[Kinvalid use of non-static member function â€˜[01m[Kvoid Turtle_circle::[01;32m[Ktime_callback[m[K()[m[Kâ€™
[1.449s]    14 | auto timer_ = this->create_wall_timer(1000ms,[this](){[01;31m[Kthis->time_callback[m[K});//ä¸ºlambdaè¡¨è¾¾å¼
[1.449s]       |                                                       [01;31m[K~~~~~~^~~~~~~~~~~~~[m[K
[1.449s] 
[1.449s] [01m[K/home/robot-max/Desktop/ROS_2/src/demo_topic/src/demo_topic.cpp:17:14:[m[K [01;36m[Knote: [m[Kdeclared here
[1.449s]    17 |         void [01;36m[Ktime_callback[m[K(){
[1.449s]       |              [01;36m[K^~~~~~~~~~~~~[m[K
[2.016s] gmake[2]: *** [CMakeFiles/demo_topic.dir/build.make:76ï¼šCMakeFiles/demo_topic.dir/src/demo_topic.cpp.o] é”™è¯¯ 1
[2.016s] gmake[1]: *** [CMakeFiles/Makefile2:137ï¼šCMakeFiles/demo_topic.dir/all] é”™è¯¯ 2
[2.017s] gmake: *** [Makefile:146ï¼šall] é”™è¯¯ 2
[2.019s] Invoked command in '/home/robot-max/Desktop/ROS_2/build/demo_topic' returned '2': CMAKE_PREFIX_PATH=${CMAKE_PREFIX_PATH}:/opt/ros/jazzy DEBUGINFOD_URLS=https://debuginfod.ubuntu.com /usr/bin/cmake --build /home/robot-max/Desktop/ROS_2/build/demo_topic -- -j24 -l24
