[0.008s] Invoking command in '/home/robot-max/Desktop/ROS_2/build/demo_topic': CMAKE_PREFIX_PATH=${CMAKE_PREFIX_PATH}:/opt/ros/jazzy DEBUGINFOD_URLS=https://debuginfod.ubuntu.com /usr/bin/cmake --build /home/robot-max/Desktop/ROS_2/build/demo_topic -- -j24 -l24
[0.053s] [ 50%] [32mBuilding CXX object CMakeFiles/demo_topic.dir/src/demo_topic.cpp.o[0m
[1.508s] In file included from [01m[K/opt/ros/jazzy/include/rclcpp/rclcpp/utilities.hpp:19[m[K,
[1.508s]                  from [01m[K/opt/ros/jazzy/include/rclcpp/rclcpp/logging.hpp:25[m[K,
[1.508s]                  from [01m[K/opt/ros/jazzy/include/rclcpp/rclcpp/copy_all_parameter_values.hpp:27[m[K,
[1.509s]                  from [01m[K/opt/ros/jazzy/include/rclcpp/rclcpp/rclcpp.hpp:171[m[K,
[1.509s]                  from [01m[K/home/robot-max/Desktop/ROS_2/src/demo_topic/src/demo_topic.cpp:1[m[K:
[1.509s] /usr/include/c++/13/functional: In instantiation of â€˜[01m[Kstruct std::_Bind_check_arity<void (Turtle_circle::*)()>[m[Kâ€™:
[1.509s] [01m[K/usr/include/c++/13/functional:859:12:[m[K   required from â€˜[01m[Kstruct std::_Bind_helper<false, void (Turtle_circle::*)()>[m[Kâ€™
[1.509s] [01m[K/usr/include/c++/13/functional:881:5:[m[K   required by substitution of â€˜[01m[Ktemplate<class _Func, class ... _BoundArgs> typename std::_Bind_helper<std::__is_socketlike<_Func>::value, _Func, _BoundArgs ...>::type std::[01;32m[Kbind[m[K(_Func&&, _BoundArgs&& ...) [35m[K[with _Func = void (Turtle_circle::*)(); _BoundArgs = {}][m[K[m[Kâ€™
[1.509s] [01m[K/home/robot-max/Desktop/ROS_2/src/demo_topic/src/demo_topic.cpp:13:67:[m[K   required from here
[1.509s] [01m[K/usr/include/c++/13/functional:847:21:[m[K [01;31m[Kerror: [m[Kstatic assertion failed: Wrong number of arguments for pointer-to-member
[1.509s]   846 |       static_assert(_Varargs::[01;31m[Kvalue[m[K
[1.509s]       |                               [01;31m[K~~~~~[m[K
[1.509s]   847 | [01;31m[K                    ? sizeof...(_BoundArgs) >= _Arity::value + 1[m[K
[1.509s]       |                     [01;31m[K^~~~~~~~~~~~~~~~~~~~~~~~~~~~~~~~~~~~~~~~~~~~[m[K
[1.509s]   848 | [01;31m[K                    : sizeof...(_BoundArgs) == _Arity::value + 1[m[K,
[1.509s]       |                     [01;31m[K~~~~~~~~~~~~~~~~~~~~~~~~~~~~~~~~~~~~~~~~~~~~[m[K
[1.509s] [01m[K/usr/include/c++/13/functional:847:21:[m[K [01;36m[Knote: [m[Kâ€˜[01m[K(false ? (0 >= (((long unsigned int)std::integral_constant<long unsigned int, 0>::value) + 1)) : (0 == (((long unsigned int)std::integral_constant<long unsigned int, 0>::value) + 1)))[m[Kâ€™ evaluates to false
[1.509s] /usr/include/c++/13/functional: In substitution of â€˜[01m[Ktemplate<class _Functor, class ... _Bound_args> template<class _Fn, class _CallArgs, class ... _BArgs> using std::_Bind<_Functor(_Bound_args ...)>::_Res_type_impl = typename std::result_of<_Fn&(decltype (std::_Mu<typename std::remove_cv<_BArgs>::type, std::is_bind_expression<typename std::remove_cv<_BArgs>::type>::value, (std::is_placeholder<typename std::remove_cv<_BArgs>::type>::value > 0)>()(declval<_BArgs&>(), declval<_CallArgs&>()))&& ...)>::type [35m[K[with _Fn = void (Turtle_circle::*)(); _BArgs = _CallArgs; _Functor = void (Turtle_circle::*)(); _Bound_args = {}][m[K[m[Kâ€™:
[1.510s] [01m[K/usr/include/c++/13/functional:556:8:[m[K   required from â€˜[01m[Kclass std::_Bind<void (Turtle_circle::*())()>[m[Kâ€™
[1.510s] [01m[K/home/robot-max/Desktop/ROS_2/src/demo_topic/src/demo_topic.cpp:13:67:[m[K   required from here
[1.510s] [01m[K/usr/include/c++/13/functional:552:15:[m[K [01;31m[Kerror: [m[Kno type named â€˜[01m[Ktype[m[Kâ€™ in â€˜[01m[Kstruct std::result_of<void (Turtle_circle::*&())()>[m[Kâ€™
[1.510s]   552 |         using [01;31m[K_Res_type_impl[m[K
[1.510s]       |               [01;31m[K^~~~~~~~~~~~~~[m[K
[1.510s] /usr/include/c++/13/functional: In substitution of â€˜[01m[Ktemplate<class _Functor, class ... _Bound_args> template<class _Fn, class _CallArgs, class ... _BArgs> using std::_Bind<_Functor(_Bound_args ...)>::_Res_type_impl = typename std::result_of<_Fn&(decltype (std::_Mu<typename std::remove_cv<_BArgs>::type, std::is_bind_expression<typename std::remove_cv<_BArgs>::type>::value, (std::is_placeholder<typename std::remove_cv<_BArgs>::type>::value > 0)>()(declval<_BArgs&>(), declval<_CallArgs&>()))&& ...)>::type [35m[K[with _Fn = void (Turtle_circle::*)(); _CallArgs = std::tuple<_UTypes ...>; _BArgs = {}; _Functor = void (Turtle_circle::*)(); _Bound_args = {}][m[K[m[Kâ€™:
[1.510s] [01m[K/usr/include/c++/13/functional:556:8:[m[K   required by substitution of â€˜[01m[Ktemplate<class _Functor, class ... _Bound_args> template<class _CallArgs> using std::_Bind<_Functor(_Bound_args ...)>::_Res_type = std::_Bind<_Functor(_Bound_args ...)>::_Res_type_impl<_Functor, _CallArgs, _Bound_args ...> [35m[K[with _CallArgs = std::tuple<_UTypes ...>; _Functor = void (Turtle_circle::*)(); _Bound_args = {}][m[K[m[Kâ€™
[1.510s] [01m[K/usr/include/c++/13/functional:589:2:[m[K   required from â€˜[01m[Kclass std::_Bind<void (Turtle_circle::*())()>[m[Kâ€™
[1.510s] [01m[K/home/robot-max/Desktop/ROS_2/src/demo_topic/src/demo_topic.cpp:13:67:[m[K   required from here
[1.510s] [01m[K/usr/include/c++/13/functional:552:15:[m[K [01;31m[Kerror: [m[Kno type named â€˜[01m[Ktype[m[Kâ€™ in â€˜[01m[Kstruct std::result_of<void (Turtle_circle::*&())()>[m[Kâ€™
[1.510s] [01m[K/home/robot-max/Desktop/ROS_2/src/demo_topic/src/demo_topic.cpp:[m[K In constructor â€˜[01m[KTurtle_circle::[01;32m[KTurtle_circle[m[K(const std::string&)[m[Kâ€™:
[1.510s] [01m[K/home/robot-max/Desktop/ROS_2/src/demo_topic/src/demo_topic.cpp:13:50:[m[K [01;31m[Kerror: [m[Kno matching function for call to â€˜[01m[KTurtle_circle::create_wall_timer(std::chrono::milliseconds, std::_Bind_helper<false, void (Turtle_circle::*)()>::type, Turtle_circle*)[m[Kâ€™
[1.510s]    13 |             auto timer_ = [01;31m[Kthis->create_wall_timer(1000ms,std::bind(&Turtle_circle::time_callback),this)[m[K;
[1.510s]       |                           [01;31m[K~~~~~~~~~~~~~~~~~~~~~~~^~~~~~~~~~~~~~~~~~~~~~~~~~~~~~~~~~~~~~~~~~~~~~~~~~~~~~[m[K
[1.510s] In file included from [01m[K/opt/ros/jazzy/include/rclcpp/rclcpp/executors/single_threaded_executor.hpp:28[m[K,
[1.510s]                  from [01m[K/opt/ros/jazzy/include/rclcpp/rclcpp/executors.hpp:22[m[K,
[1.510s]                  from [01m[K/opt/ros/jazzy/include/rclcpp/rclcpp/rclcpp.hpp:172[m[K:
[1.510s] [01m[K/opt/ros/jazzy/include/rclcpp/rclcpp/node.hpp:241:3:[m[K [01;36m[Knote: [m[Kcandidate: â€˜[01m[Ktemplate<class DurationRepT, class DurationT, class CallbackT> typename rclcpp::WallTimer<CallbackT>::SharedPtr rclcpp::Node::[01;32m[Kcreate_wall_timer[m[K(std::chrono::duration<_Rep1, _Period1>, CallbackT, rclcpp::CallbackGroup::SharedPtr, bool)[m[Kâ€™
[1.510s]   241 |   [01;36m[Kcreate_wall_timer[m[K(
[1.510s]       |   [01;36m[K^~~~~~~~~~~~~~~~~[m[K
[1.510s] [01m[K/opt/ros/jazzy/include/rclcpp/rclcpp/node.hpp:241:3:[m[K [01;36m[Knote: [m[K  template argument deduction/substitution failed:
[1.510s] [01m[K/home/robot-max/Desktop/ROS_2/src/demo_topic/src/demo_topic.cpp:13:99:[m[K [01;36m[Knote: [m[K  cannot convert â€˜[01m[K(Turtle_circle*)this[m[Kâ€™ (type â€˜[01m[KTurtle_circle*[m[Kâ€™) to type â€˜[01m[Krclcpp::CallbackGroup::SharedPtr[m[Kâ€™ {aka â€˜[01m[Kstd::shared_ptr<rclcpp::CallbackGroup>[m[Kâ€™}
[1.510s]    13 | reate_wall_timer(1000ms,std::bind(&Turtle_circle::time_callback),[01;36m[Kthis[m[K);
[1.510s]       |                                                                  [01;36m[K^~~~[m[K
[1.511s] 
[2.065s] gmake[2]: *** [CMakeFiles/demo_topic.dir/build.make:76ï¼šCMakeFiles/demo_topic.dir/src/demo_topic.cpp.o] é”™è¯¯ 1
[2.066s] gmake[1]: *** [CMakeFiles/Makefile2:137ï¼šCMakeFiles/demo_topic.dir/all] é”™è¯¯ 2
[2.066s] gmake: *** [Makefile:146ï¼šall] é”™è¯¯ 2
[2.068s] Invoked command in '/home/robot-max/Desktop/ROS_2/build/demo_topic' returned '2': CMAKE_PREFIX_PATH=${CMAKE_PREFIX_PATH}:/opt/ros/jazzy DEBUGINFOD_URLS=https://debuginfod.ubuntu.com /usr/bin/cmake --build /home/robot-max/Desktop/ROS_2/build/demo_topic -- -j24 -l24
